<?xml version="1.0"?>
<!DOCTYPE coverage SYSTEM "http://cobertura.sourceforge.net/xml/coverage-04.dtd">

<coverage line-rate="0.5753424657534246" branch-rate="0.625" lines-covered="42" lines-valid="73" branches-covered="25" branches-valid="40" complexity="2.533333333333333" version="2.1.1" timestamp="1649805510445">
	<sources>
		<source>--source</source>
		<source>C:/Users/nohah/Documents/pat_assignment_4/src/main/java</source>
	</sources>
	<packages>
		<package name="avltree" line-rate="0.5753424657534246" branch-rate="0.625" complexity="2.533333333333333">
			<classes>
				<class name="avltree.AVLTree" filename="avltree/AVLTree.java" line-rate="0.5571428571428572" branch-rate="0.625" complexity="2.533333333333333">
					<methods>
						<method name="&lt;init&gt;" signature="()V" line-rate="1.0" branch-rate="1.0" complexity="0">
							<lines>
								<line number="3" hits="65" branch="false"/>
							</lines>
						</method>
						<method name="delete" signature="(I)V" line-rate="1.0" branch-rate="1.0" complexity="0">
							<lines>
								<line number="33" hits="48" branch="false"/>
								<line number="34" hits="48" branch="false"/>
							</lines>
						</method>
						<method name="delete" signature="(Lavltree/AVLTree$Node;I)Lavltree/AVLTree$Node;" line-rate="0.6428571428571429" branch-rate="0.5" complexity="0">
							<lines>
								<line number="58" hits="52" branch="true" condition-coverage="100% (2/2)">
									<conditions>
										<condition number="0" type="jump" coverage="100%"/>
									</conditions>
								</line>
								<line number="59" hits="48" branch="false"/>
								<line number="60" hits="4" branch="true" condition-coverage="100% (2/2)">
									<conditions>
										<condition number="0" type="jump" coverage="100%"/>
									</conditions>
								</line>
								<line number="61" hits="2" branch="false"/>
								<line number="62" hits="2" branch="true" condition-coverage="50% (1/2)">
									<conditions>
										<condition number="0" type="jump" coverage="50%"/>
									</conditions>
								</line>
								<line number="63" hits="2" branch="false"/>
								<line number="65" hits="0" branch="true" condition-coverage="0% (0/2)">
									<conditions>
										<condition number="0" type="jump" coverage="0%"/>
									</conditions>
								</line>
								<line number="66" hits="0" branch="true" condition-coverage="0% (0/2)">
									<conditions>
										<condition number="0" type="jump" coverage="0%"/>
									</conditions>
								</line>
								<line number="68" hits="0" branch="false"/>
								<line number="69" hits="0" branch="false"/>
								<line number="70" hits="0" branch="false"/>
								<line number="73" hits="4" branch="true" condition-coverage="50% (1/2)">
									<conditions>
										<condition number="0" type="jump" coverage="50%"/>
									</conditions>
								</line>
								<line number="74" hits="4" branch="false"/>
								<line number="76" hits="4" branch="false"/>
							</lines>
						</method>
						<method name="find" signature="(I)Lavltree/AVLTree$Node;" line-rate="1.0" branch-rate="0.8333333333333334" complexity="0">
							<lines>
								<line number="18" hits="83" branch="false"/>
								<line number="19" hits="93" branch="true" condition-coverage="100% (2/2)">
									<conditions>
										<condition number="0" type="jump" coverage="100%"/>
									</conditions>
								</line>
								<line number="20" hits="13" branch="true" condition-coverage="100% (2/2)">
									<conditions>
										<condition number="0" type="jump" coverage="100%"/>
									</conditions>
								</line>
								<line number="21" hits="3" branch="false"/>
								<line number="23" hits="10" branch="true" condition-coverage="50% (1/2)">
									<conditions>
										<condition number="0" type="jump" coverage="50%"/>
									</conditions>
								</line>
								<line number="25" hits="83" branch="false"/>
							</lines>
						</method>
						<method name="getBalance" signature="(Lavltree/AVLTree$Node;)I" line-rate="1.0" branch-rate="1.0" complexity="0">
							<lines>
								<line number="138" hits="55" branch="true" condition-coverage="100% (2/2)">
									<conditions>
										<condition number="0" type="jump" coverage="100%"/>
									</conditions>
								</line>
							</lines>
						</method>
						<method name="getRoot" signature="()Lavltree/AVLTree$Node;" line-rate="1.0" branch-rate="1.0" complexity="0">
							<lines>
								<line number="37" hits="50" branch="false"/>
							</lines>
						</method>
						<method name="height" signature="()I" line-rate="1.0" branch-rate="1.0" complexity="0">
							<lines>
								<line number="41" hits="17" branch="true" condition-coverage="100% (2/2)">
									<conditions>
										<condition number="0" type="jump" coverage="100%"/>
									</conditions>
								</line>
							</lines>
						</method>
						<method name="height" signature="(Lavltree/AVLTree$Node;)I" line-rate="1.0" branch-rate="1.0" complexity="0">
							<lines>
								<line number="134" hits="66" branch="true" condition-coverage="100% (2/2)">
									<conditions>
										<condition number="0" type="jump" coverage="100%"/>
									</conditions>
								</line>
							</lines>
						</method>
						<method name="insert" signature="(I)V" line-rate="1.0" branch-rate="1.0" complexity="0">
							<lines>
								<line number="29" hits="38" branch="false"/>
								<line number="30" hits="36" branch="false"/>
							</lines>
						</method>
						<method name="insert" signature="(Lavltree/AVLTree$Node;I)Lavltree/AVLTree$Node;" line-rate="1.0" branch-rate="1.0" complexity="0">
							<lines>
								<line number="45" hits="44" branch="true" condition-coverage="100% (2/2)">
									<conditions>
										<condition number="0" type="jump" coverage="100%"/>
									</conditions>
								</line>
								<line number="46" hits="36" branch="false"/>
								<line number="47" hits="8" branch="true" condition-coverage="100% (2/2)">
									<conditions>
										<condition number="0" type="jump" coverage="100%"/>
									</conditions>
								</line>
								<line number="48" hits="5" branch="false"/>
								<line number="49" hits="3" branch="true" condition-coverage="100% (2/2)">
									<conditions>
										<condition number="0" type="jump" coverage="100%"/>
									</conditions>
								</line>
								<line number="50" hits="1" branch="false"/>
								<line number="52" hits="2" branch="false"/>
								<line number="54" hits="6" branch="false"/>
							</lines>
						</method>
						<method name="mostLeftChild" signature="(Lavltree/AVLTree$Node;)Lavltree/AVLTree$Node;" line-rate="0.0" branch-rate="0.0" complexity="0">
							<lines>
								<line number="80" hits="0" branch="false"/>
								<line number="82" hits="0" branch="true" condition-coverage="0% (0/2)">
									<conditions>
										<condition number="0" type="jump" coverage="0%"/>
									</conditions>
								</line>
								<line number="83" hits="0" branch="false"/>
								<line number="85" hits="0" branch="false"/>
							</lines>
						</method>
						<method name="rebalance" signature="(Lavltree/AVLTree$Node;)Lavltree/AVLTree$Node;" line-rate="0.38461538461538464" branch-rate="0.25" complexity="0">
							<lines>
								<line number="89" hits="10" branch="false"/>
								<line number="90" hits="10" branch="false"/>
								<line number="91" hits="10" branch="true" condition-coverage="50% (1/2)">
									<conditions>
										<condition number="0" type="jump" coverage="50%"/>
									</conditions>
								</line>
								<line number="92" hits="0" branch="true" condition-coverage="0% (0/2)">
									<conditions>
										<condition number="0" type="jump" coverage="0%"/>
									</conditions>
								</line>
								<line number="93" hits="0" branch="false"/>
								<line number="95" hits="0" branch="false"/>
								<line number="96" hits="0" branch="false"/>
								<line number="98" hits="10" branch="true" condition-coverage="50% (1/2)">
									<conditions>
										<condition number="0" type="jump" coverage="50%"/>
									</conditions>
								</line>
								<line number="99" hits="0" branch="true" condition-coverage="0% (0/2)">
									<conditions>
										<condition number="0" type="jump" coverage="0%"/>
									</conditions>
								</line>
								<line number="100" hits="0" branch="false"/>
								<line number="102" hits="0" branch="false"/>
								<line number="103" hits="0" branch="false"/>
								<line number="106" hits="10" branch="false"/>
							</lines>
						</method>
						<method name="rotateLeft" signature="(Lavltree/AVLTree$Node;)Lavltree/AVLTree$Node;" line-rate="0.0" branch-rate="1.0" complexity="0">
							<lines>
								<line number="120" hits="0" branch="false"/>
								<line number="121" hits="0" branch="false"/>
								<line number="122" hits="0" branch="false"/>
								<line number="123" hits="0" branch="false"/>
								<line number="124" hits="0" branch="false"/>
								<line number="125" hits="0" branch="false"/>
								<line number="126" hits="0" branch="false"/>
							</lines>
						</method>
						<method name="rotateRight" signature="(Lavltree/AVLTree$Node;)Lavltree/AVLTree$Node;" line-rate="0.0" branch-rate="1.0" complexity="0">
							<lines>
								<line number="110" hits="0" branch="false"/>
								<line number="111" hits="0" branch="false"/>
								<line number="112" hits="0" branch="false"/>
								<line number="113" hits="0" branch="false"/>
								<line number="114" hits="0" branch="false"/>
								<line number="115" hits="0" branch="false"/>
								<line number="116" hits="0" branch="false"/>
							</lines>
						</method>
						<method name="updateHeight" signature="(Lavltree/AVLTree$Node;)V" line-rate="1.0" branch-rate="1.0" complexity="0">
							<lines>
								<line number="130" hits="10" branch="false"/>
								<line number="131" hits="10" branch="false"/>
							</lines>
						</method>
					</methods>
					<lines>
						<line number="3" hits="65" branch="false"/>
						<line number="18" hits="83" branch="false"/>
						<line number="19" hits="93" branch="true" condition-coverage="100% (2/2)">
							<conditions>
								<condition number="0" type="jump" coverage="100%"/>
							</conditions>
						</line>
						<line number="20" hits="13" branch="true" condition-coverage="100% (2/2)">
							<conditions>
								<condition number="0" type="jump" coverage="100%"/>
							</conditions>
						</line>
						<line number="21" hits="3" branch="false"/>
						<line number="23" hits="10" branch="true" condition-coverage="50% (1/2)">
							<conditions>
								<condition number="0" type="jump" coverage="50%"/>
							</conditions>
						</line>
						<line number="25" hits="83" branch="false"/>
						<line number="29" hits="38" branch="false"/>
						<line number="30" hits="36" branch="false"/>
						<line number="33" hits="48" branch="false"/>
						<line number="34" hits="48" branch="false"/>
						<line number="37" hits="50" branch="false"/>
						<line number="41" hits="17" branch="true" condition-coverage="100% (2/2)">
							<conditions>
								<condition number="0" type="jump" coverage="100%"/>
							</conditions>
						</line>
						<line number="45" hits="44" branch="true" condition-coverage="100% (2/2)">
							<conditions>
								<condition number="0" type="jump" coverage="100%"/>
							</conditions>
						</line>
						<line number="46" hits="36" branch="false"/>
						<line number="47" hits="8" branch="true" condition-coverage="100% (2/2)">
							<conditions>
								<condition number="0" type="jump" coverage="100%"/>
							</conditions>
						</line>
						<line number="48" hits="5" branch="false"/>
						<line number="49" hits="3" branch="true" condition-coverage="100% (2/2)">
							<conditions>
								<condition number="0" type="jump" coverage="100%"/>
							</conditions>
						</line>
						<line number="50" hits="1" branch="false"/>
						<line number="52" hits="2" branch="false"/>
						<line number="54" hits="6" branch="false"/>
						<line number="58" hits="52" branch="true" condition-coverage="100% (2/2)">
							<conditions>
								<condition number="0" type="jump" coverage="100%"/>
							</conditions>
						</line>
						<line number="59" hits="48" branch="false"/>
						<line number="60" hits="4" branch="true" condition-coverage="100% (2/2)">
							<conditions>
								<condition number="0" type="jump" coverage="100%"/>
							</conditions>
						</line>
						<line number="61" hits="2" branch="false"/>
						<line number="62" hits="2" branch="true" condition-coverage="50% (1/2)">
							<conditions>
								<condition number="0" type="jump" coverage="50%"/>
							</conditions>
						</line>
						<line number="63" hits="2" branch="false"/>
						<line number="65" hits="0" branch="true" condition-coverage="0% (0/2)">
							<conditions>
								<condition number="0" type="jump" coverage="0%"/>
							</conditions>
						</line>
						<line number="66" hits="0" branch="true" condition-coverage="0% (0/2)">
							<conditions>
								<condition number="0" type="jump" coverage="0%"/>
							</conditions>
						</line>
						<line number="68" hits="0" branch="false"/>
						<line number="69" hits="0" branch="false"/>
						<line number="70" hits="0" branch="false"/>
						<line number="73" hits="4" branch="true" condition-coverage="50% (1/2)">
							<conditions>
								<condition number="0" type="jump" coverage="50%"/>
							</conditions>
						</line>
						<line number="74" hits="4" branch="false"/>
						<line number="76" hits="4" branch="false"/>
						<line number="80" hits="0" branch="false"/>
						<line number="82" hits="0" branch="true" condition-coverage="0% (0/2)">
							<conditions>
								<condition number="0" type="jump" coverage="0%"/>
							</conditions>
						</line>
						<line number="83" hits="0" branch="false"/>
						<line number="85" hits="0" branch="false"/>
						<line number="89" hits="10" branch="false"/>
						<line number="90" hits="10" branch="false"/>
						<line number="91" hits="10" branch="true" condition-coverage="50% (1/2)">
							<conditions>
								<condition number="0" type="jump" coverage="50%"/>
							</conditions>
						</line>
						<line number="92" hits="0" branch="true" condition-coverage="0% (0/2)">
							<conditions>
								<condition number="0" type="jump" coverage="0%"/>
							</conditions>
						</line>
						<line number="93" hits="0" branch="false"/>
						<line number="95" hits="0" branch="false"/>
						<line number="96" hits="0" branch="false"/>
						<line number="98" hits="10" branch="true" condition-coverage="50% (1/2)">
							<conditions>
								<condition number="0" type="jump" coverage="50%"/>
							</conditions>
						</line>
						<line number="99" hits="0" branch="true" condition-coverage="0% (0/2)">
							<conditions>
								<condition number="0" type="jump" coverage="0%"/>
							</conditions>
						</line>
						<line number="100" hits="0" branch="false"/>
						<line number="102" hits="0" branch="false"/>
						<line number="103" hits="0" branch="false"/>
						<line number="106" hits="10" branch="false"/>
						<line number="110" hits="0" branch="false"/>
						<line number="111" hits="0" branch="false"/>
						<line number="112" hits="0" branch="false"/>
						<line number="113" hits="0" branch="false"/>
						<line number="114" hits="0" branch="false"/>
						<line number="115" hits="0" branch="false"/>
						<line number="116" hits="0" branch="false"/>
						<line number="120" hits="0" branch="false"/>
						<line number="121" hits="0" branch="false"/>
						<line number="122" hits="0" branch="false"/>
						<line number="123" hits="0" branch="false"/>
						<line number="124" hits="0" branch="false"/>
						<line number="125" hits="0" branch="false"/>
						<line number="126" hits="0" branch="false"/>
						<line number="130" hits="10" branch="false"/>
						<line number="131" hits="10" branch="false"/>
						<line number="134" hits="66" branch="true" condition-coverage="100% (2/2)">
							<conditions>
								<condition number="0" type="jump" coverage="100%"/>
							</conditions>
						</line>
						<line number="138" hits="55" branch="true" condition-coverage="100% (2/2)">
							<conditions>
								<condition number="0" type="jump" coverage="100%"/>
							</conditions>
						</line>
					</lines>
				</class>
				<class name="avltree.AVLTree$Node" filename="avltree/AVLTree.java" line-rate="1.0" branch-rate="1.0" complexity="2.533333333333333">
					<methods>
						<method name="&lt;init&gt;" signature="(Lavltree/AVLTree;I)V" line-rate="1.0" branch-rate="1.0" complexity="0">
							<lines>
								<line number="10" hits="36" branch="false"/>
								<line number="11" hits="36" branch="false"/>
								<line number="12" hits="36" branch="false"/>
							</lines>
						</method>
					</methods>
					<lines>
						<line number="10" hits="36" branch="false"/>
						<line number="11" hits="36" branch="false"/>
						<line number="12" hits="36" branch="false"/>
					</lines>
				</class>
			</classes>
		</package>
	</packages>
</coverage>
